<?xml version="1.0" encoding="UTF-8"?>
<!-- Generated by org.testng.reporters.JUnitXMLReporter -->
<testsuite ignored="1" hostname="ASUS-VIVOS15" failures="0" tests="4" name="Surefire test" time="53.73" errors="0" timestamp="2023-12-15T21:24:19 IST">
  <testcase classname="com.SDET.programs.SDETAllProgramsinMaven.TestNGConcepts" name="testLogoPresence" time="0.068"/>
  <testcase classname="com.SDET.programs.SDETAllProgramsinMaven.TestNGConcepts" name="testRequestDemoButton" time="0.057"/>
  <testcase classname="com.SDET.programs.SDETAllProgramsinMaven.TestNGConcepts" name="testNavigationLinks" time="39.946"/>
  <testcase classname="com.SDET.programs.SDETAllProgramsinMaven.TestReadAndWriteData" name="testReadAndPrintExcel" time="1.015"/>
  <testcase classname="com.SDET.programs.SDETAllProgramsinMaven.TestNGConcepts" name="testmethod" time="0.0">
    <ignored/>
  </testcase> <!-- testmethod -->
</testsuite> <!-- Surefire test -->
