<?xml version="1.0" encoding="UTF-8"?>
<!-- Generated by org.testng.reporters.JUnitXMLReporter -->
<testsuite ignored="1" hostname="ASUS-VIVOS15" failures="0" tests="4" name="Test" time="66.505" errors="0" timestamp="2023-12-15T21:21:03 IST">
  <testcase classname="com.SDET.programs.SDETAllProgramsinMaven.TestReadAndWriteData" name="testReadAndPrintExcel" time="0.771"/>
  <testcase classname="com.SDET.programs.SDETAllProgramsinMaven.TestNGConcepts" name="testLogoPresence" time="0.054"/>
  <testcase classname="com.SDET.programs.SDETAllProgramsinMaven.TestNGConcepts" name="testRequestDemoButton" time="0.063"/>
  <testcase classname="com.SDET.programs.SDETAllProgramsinMaven.TestNGConcepts" name="testNavigationLinks" time="52.17"/>
  <testcase classname="com.SDET.programs.SDETAllProgramsinMaven.TestNGConcepts" name="testmethod" time="0.0">
    <ignored/>
  </testcase> <!-- testmethod -->
</testsuite> <!-- Test -->
