<?xml version="1.0" encoding="UTF-8"?>
<testng-results ignored="0" total="4" passed="4" failed="0" skipped="0">
  <reporter-output>
  </reporter-output>
  <suite started-at="2023-12-15T21:19:57 IST" name="Suite" finished-at="2023-12-15T21:21:03 IST" duration-ms="66505">
    <groups>
    </groups>
    <test started-at="2023-12-15T21:19:57 IST" name="Test" finished-at="2023-12-15T21:21:03 IST" duration-ms="66505">
      <class name="com.SDET.programs.SDETAllProgramsinMaven.TestNGConcepts">
        <test-method is-config="true" signature="setup()[pri:0, instance:com.SDET.programs.SDETAllProgramsinMaven.TestNGConcepts@2a265ea9]" started-at="2023-12-15T21:19:57 IST" name="setup" finished-at="2023-12-15T21:20:10 IST" duration-ms="13080" status="PASS">
          <reporter-output>
          </reporter-output>
        </test-method> <!-- setup -->
        <test-method signature="testLogoPresence()[pri:1, instance:com.SDET.programs.SDETAllProgramsinMaven.TestNGConcepts@2a265ea9]" started-at="2023-12-15T21:20:11 IST" name="testLogoPresence" finished-at="2023-12-15T21:20:11 IST" duration-ms="54" status="PASS">
          <reporter-output>
          </reporter-output>
        </test-method> <!-- testLogoPresence -->
        <test-method signature="testRequestDemoButton()[pri:3, instance:com.SDET.programs.SDETAllProgramsinMaven.TestNGConcepts@2a265ea9]" started-at="2023-12-15T21:20:11 IST" name="testRequestDemoButton" finished-at="2023-12-15T21:20:11 IST" duration-ms="63" status="PASS">
          <reporter-output>
          </reporter-output>
        </test-method> <!-- testRequestDemoButton -->
        <test-method signature="testNavigationLinks()[pri:4, instance:com.SDET.programs.SDETAllProgramsinMaven.TestNGConcepts@2a265ea9]" started-at="2023-12-15T21:20:11 IST" name="testNavigationLinks" finished-at="2023-12-15T21:21:03 IST" duration-ms="52170" status="PASS">
          <reporter-output>
          </reporter-output>
        </test-method> <!-- testNavigationLinks -->
        <test-method is-config="true" signature="teardown()[pri:0, instance:com.SDET.programs.SDETAllProgramsinMaven.TestNGConcepts@2a265ea9]" started-at="2023-12-15T21:21:03 IST" name="teardown" finished-at="2023-12-15T21:21:03 IST" duration-ms="323" status="PASS">
          <reporter-output>
          </reporter-output>
        </test-method> <!-- teardown -->
      </class> <!-- com.SDET.programs.SDETAllProgramsinMaven.TestNGConcepts -->
      <class name="com.SDET.programs.SDETAllProgramsinMaven.TestReadAndWriteData">
        <test-method signature="testReadAndPrintExcel()[pri:0, instance:com.SDET.programs.SDETAllProgramsinMaven.TestReadAndWriteData@130c12b7]" started-at="2023-12-15T21:20:10 IST" name="testReadAndPrintExcel" finished-at="2023-12-15T21:20:11 IST" duration-ms="771" status="PASS">
          <reporter-output>
          </reporter-output>
        </test-method> <!-- testReadAndPrintExcel -->
      </class> <!-- com.SDET.programs.SDETAllProgramsinMaven.TestReadAndWriteData -->
    </test> <!-- Test -->
  </suite> <!-- Suite -->
</testng-results>
